Arguments: 
  C:\Program Files\nodejs\node.exe C:\Users\sriro\AppData\Roaming\npm\node_modules\yarn\bin\yarn.js add @material-ui/core @material-ui/core/styles @material-ui/icons

PATH: 
  C:\Users\sriro\AppData\Local\Programs\Python\Python311\;C:\Program Files\Common Files\Oracle\Java\javapath;C:\WINDOWS\system32;C:\WINDOWS;C:\WINDOWS\System32\Wbem;C:\WINDOWS\System32\WindowsPowerShell\v1.0\;C:\WINDOWS\System32\OpenSSH\;C:\Program Files\Cloudflare\Cloudflare WARP\;C:\Program Files\MySQL\MySQL Server 8.0\bin;C:\Program Files\nodejs\;C:\ProgramData\chocolatey\bin;C:\mongodb\bin;C:\mongosh-1.9.1-win32-x64\mongosh-1.9.1-win32-x64\bin;C:\Program Files\Git\cmd;C:\Program Files\Git\bin;C:\Users\sriro\AppData\Local\Programs\Python\Python311\Scripts\;C:\Users\sriro\AppData\Local\Programs\Python\Python311\;C:\Program Files\MySQL\MySQL Shell 8.0\bin\;C:\Users\sriro\AppData\Local\Programs\Python\Python39\Scripts\;C:\Users\sriro\AppData\Local\Programs\Python\Python39\;C:\Users\sriro\AppData\Local\Microsoft\WindowsApps;C:\chromedriver_win32\;C:\Users\sriro\AppData\Local\Programs\Microsoft VS Code\bin;C:\Users\sriro\AppData\Local\JetBrains\IntelliJ IDEA Community Edition 2022.2.3\bin;;C:\MinGW\bin;C:\Program Files\JetBrains\PyCharm Community Edition 2022.2.3\bin;;C:\Users\sriro\AppData\Roaming\npm;C:\mongodb\bin;C:\Program Files\heroku\bin

Yarn version: 
  1.22.19

Node version: 
  18.16.0

Platform: 
  win32 x64

Trace: 
  Error: https://registry.yarnpkg.com/@material-ui%2fcore/styles: Request "https://registry.yarnpkg.com/@material-ui%2fcore/styles" returned a 405
      at params.callback [as _callback] (C:\Users\sriro\AppData\Roaming\npm\node_modules\yarn\lib\cli.js:66154:18)
      at self.callback (C:\Users\sriro\AppData\Roaming\npm\node_modules\yarn\lib\cli.js:140890:22)
      at Request.emit (node:events:513:28)
      at Request.<anonymous> (C:\Users\sriro\AppData\Roaming\npm\node_modules\yarn\lib\cli.js:141862:10)
      at Request.emit (node:events:513:28)
      at IncomingMessage.<anonymous> (C:\Users\sriro\AppData\Roaming\npm\node_modules\yarn\lib\cli.js:141784:12)
      at Object.onceWrapper (node:events:627:28)
      at IncomingMessage.emit (node:events:525:35)
      at endReadableNT (node:internal/streams/readable:1359:12)
      at process.processTicksAndRejections (node:internal/process/task_queues:82:21)

npm manifest: 
  {
    "name": "argon-dashboard-react",
    "version": "1.2.3",
    "description": "React version of Argon Dashboard by Creative Tim",
    "main": "index.js",
    "repository": {
      "type": "git",
      "url": "git+https://github.com/creativetimofficial/argon-dashboard-react.git"
    },
    "keywords": [
      "react",
      "reactjs",
      "argon",
      "argon-react",
      "dashboard",
      "dashboard-react",
      "argon-dashboard",
      "argon-dashboard-react"
    ],
    "author": "Creative Tim",
    "license": "MIT",
    "bugs": {
      "url": "https://github.com/creativetimofficial/argon-dashboard-react/issues"
    },
    "homepage": "https://demos.creative-tim.com/",
    "scripts": {
      "start": "react-scripts start",
      "build": "react-scripts build",
      "test": "react-scripts test",
      "eject": "react-scripts eject",
      "install:clean": "rm -rf node_modules/ && rm -rf package-lock.json && npm install && npm start",
      "compile:scss": "sass src/assets/scss/argon-dashboard-react.scss src/assets/css/argon-dashboard-react.css",
      "minify:scss": "sass src/assets/scss/argon-dashboard-react.scss src/assets/css/argon-dashboard-react.min.css --style compressed",
      "build:scss": "npm run compile:scss && npm run minify:scss && npm run map:scss"
    },
    "eslintConfig": {
      "extends": "react-app"
    },
    "browserslist": [
      ">0.2%",
      "not dead",
      "not ie <= 11",
      "not op_mini all"
    ],
    "dependencies": {
      "@fortawesome/fontawesome-free": "6.4.0",
      "axios": "^1.4.0",
      "bootstrap": "4.6.2",
      "chart.js": "2.9.4",
      "classnames": "2.3.2",
      "moment": "2.29.4",
      "nouislider": "15.4.0",
      "react": ">=16.0.0",
      "react-chartjs-2": "2.11.2",
      "react-copy-to-clipboard": "5.1.0",
      "react-custom-scrollbars": "^4.2.1",
      "react-datetime": "3.2.0",
      "react-dom": ">=16.0.0",
      "react-resizable": "^3.0.5",
      "react-router-dom": "^6.11.1",
      "react-scripts": "5.0.1",
      "react-table": "^7.8.0",
      "react-toastify": "^9.1.3",
      "reactstrap": "8.10.0",
      "sass": "1.62.1"
    },
    "peerDependencies": {
      "react": ">=16.0.0",
      "react-dom": ">=16.0.0"
    },
    "optionalDependencies": {
      "eslint-plugin-flowtype": "8.0.3",
      "typescript": "5.0.4"
    },
    "overrides": {
      "svgo": "3.0.2",
      "fsevents": "2.3.2",
      "chokidar": "3.5.3"
    }
  }

yarn manifest: 
  No manifest

Lockfile: 
  No lockfile
